<?xml version="1.0" encoding="UTF-8"?>
<!-- Generated by org.testng.reporters.JUnitXMLReporter -->
<testsuite hostname="BBMDVMIMUD.local" ignored="1" name="Default test" tests="1" failures="0" timestamp="2021-02-27T16:21:26 ICT" time="0.039" errors="0">
  <testcase name="questionTwo" time="0.007" classname="PracticeProgramsCoreJava.InterviewQuestion"/>
  <testcase name="questionOne" time="0.0" classname="PracticeProgramsCoreJava.InterviewQuestion">
    <ignored/>
  </testcase> <!-- questionOne -->
</testsuite> <!-- Default test -->
