<?xml version="1.0" encoding="UTF-8"?>
<testng-results skipped="0" failed="0" ignored="0" total="1" passed="1">
  <reporter-output>
  </reporter-output>
  <suite name="Default suite" duration-ms="35" started-at="2021-03-30T21:11:56 ICT" finished-at="2021-03-30T21:11:56 ICT">
    <groups>
    </groups>
    <test name="Default test" duration-ms="35" started-at="2021-03-30T21:11:56 ICT" finished-at="2021-03-30T21:11:56 ICT">
      <class name="PracticeProgramsCoreJava.MapPrograms">
        <test-method status="PASS" signature="findDuplicateString()[pri:0, instance:PracticeProgramsCoreJava.MapPrograms@1500955a]" name="findDuplicateString" duration-ms="8" started-at="2021-03-30T21:11:56 ICT" finished-at="2021-03-30T21:11:56 ICT">
          <reporter-output>
          </reporter-output>
        </test-method> <!-- findDuplicateString -->
      </class> <!-- PracticeProgramsCoreJava.MapPrograms -->
    </test> <!-- Default test -->
  </suite> <!-- Default suite -->
</testng-results>
