<?xml version="1.0" encoding="UTF-8"?>
<testng-results skipped="0" failed="0" ignored="1" total="2" passed="1">
  <reporter-output>
  </reporter-output>
  <suite name="Default suite" duration-ms="39" started-at="2021-02-27T16:21:25 ICT" finished-at="2021-02-27T16:21:26 ICT">
    <groups>
    </groups>
    <test name="Default test" duration-ms="39" started-at="2021-02-27T16:21:25 ICT" finished-at="2021-02-27T16:21:26 ICT">
      <class name="PracticeProgramsCoreJava.InterviewQuestion">
        <test-method status="PASS" signature="questionTwo()[pri:0, instance:PracticeProgramsCoreJava.InterviewQuestion@1500955a]" name="questionTwo" duration-ms="7" started-at="2021-02-27T16:21:25 ICT" finished-at="2021-02-27T16:21:26 ICT">
          <reporter-output>
          </reporter-output>
        </test-method> <!-- questionTwo -->
      </class> <!-- PracticeProgramsCoreJava.InterviewQuestion -->
    </test> <!-- Default test -->
  </suite> <!-- Default suite -->
</testng-results>
